2026-02-10 13:50:54,904 - QUERY: Search for 'current 10-day weather forecast Minas Gerais coffee zone' and 'NOAA Brazil precipitation anomaly'. Analyze if recent rains are beneficial for flowering or excessive. | FACTS: 5
2026-02-10 13:50:57,275 - QUERY: Search for 'USD BRL exchange rate forecast' and 'Brazil Central Bank Selic rate outlook'. Determine if the BRL is trending to encourage farmer selling. | FACTS: 5
2026-02-10 13:51:06,091 - QUERY: Search for 'Red Sea shipping coffee delays', 'Brazil port of Santos wait times', and 'EUDR regulation delay latest news'. Determine if there are logistical bottlenecks. | FACTS: 6
2026-02-10 13:51:29,118 - QUERY: Search for 'Coffee COT report non-commercial net length'. Determine if market is overbought. | FACTS: 5
2026-02-10 13:51:30,743 - QUERY: Search for 'Cecafé Brazil coffee export report latest', 'Global container freight index rates', and 'Green coffee shipping manifest trends'. Analyze flow volume vs port capacity. | FACTS: 5
2026-02-10 13:52:34,645 - QUERY: Search for 'Coffee Futures Implied Volatility Rank current' and 'KCK6 option volatility skew'. Determine if option premiums are cheap or expensive relative to historical volatility. | FACTS: 5
2026-02-10 13:52:36,594 - QUERY: Search for 'Coffee futures technical analysis KCK6' and 'KCK6 support resistance levels'. Look for 'RSI divergence' or 'Moving Average crossover'. IMPORTANT: You MUST find and explicitly state the current value of the '200-day Simple Moving Average (SMA)'. | FACTS: 6
2026-02-10 13:52:39,860 - QUERY: Search for 'ICE Arabica Certified Stocks level current' and 'GCA Green Coffee stocks report latest'. Look for 'Backwardation' in the forward curve. | FACTS: 5
2026-02-10 13:53:24,860 - QUERY: Search for 'USD BRL exchange rate forecast' and 'Brazil Central Bank Selic rate outlook'. Determine if the BRL is trending to encourage farmer selling. | FACTS: 5
2026-02-10 13:53:26,613 - QUERY: Search for 'current 10-day weather forecast Minas Gerais coffee zone' and 'NOAA Brazil precipitation anomaly'. Analyze if recent rains are beneficial for flowering or excessive. | FACTS: 5
2026-02-10 13:53:38,449 - QUERY: Search for 'Red Sea shipping coffee delays', 'Brazil port of Santos wait times', and 'EUDR regulation delay latest news'. Determine if there are logistical bottlenecks. | FACTS: 6
2026-02-10 13:53:56,097 - QUERY: Search for 'Cecafé Brazil coffee export report latest', 'Global container freight index rates', and 'Green coffee shipping manifest trends'. Analyze flow volume vs port capacity. | FACTS: 5
2026-02-10 13:54:15,344 - QUERY: Search for 'Coffee COT report non-commercial net length'. Determine if market is overbought. | FACTS: 4
2026-02-10 13:54:22,745 - QUERY: Search for 'ICE Arabica Certified Stocks level current' and 'GCA Green Coffee stocks report latest'. Look for 'Backwardation' in the forward curve. | FACTS: 4
2026-02-10 13:55:06,488 - QUERY: Search for 'Coffee futures technical analysis KCN6' and 'KCN6 support resistance levels'. Look for 'RSI divergence' or 'Moving Average crossover'. IMPORTANT: You MUST find and explicitly state the current value of the '200-day Simple Moving Average (SMA)'. | FACTS: 7
2026-02-10 13:55:20,264 - QUERY: Search for 'current 10-day weather forecast Minas Gerais coffee zone' and 'NOAA Brazil precipitation anomaly'. Analyze if recent rains are beneficial for flowering or excessive. | FACTS: 5
2026-02-10 13:55:34,523 - QUERY: Search for 'USD BRL exchange rate forecast' and 'Brazil Central Bank Selic rate outlook'. Determine if the BRL is trending to encourage farmer selling. | FACTS: 5
2026-02-10 13:55:47,960 - QUERY: Search for 'Coffee Futures Implied Volatility Rank current' and 'KCN6 option volatility skew'. Determine if option premiums are cheap or expensive relative to historical volatility. | FACTS: 5
2026-02-10 13:56:11,453 - QUERY: Search for 'Red Sea shipping coffee delays', 'Brazil port of Santos wait times', and 'EUDR regulation delay latest news'. Determine if there are logistical bottlenecks. | FACTS: 6
2026-02-10 13:56:18,365 - QUERY: Search for 'Cecafé Brazil coffee export report latest', 'Global container freight index rates', and 'Green coffee shipping manifest trends'. Analyze flow volume vs port capacity. | FACTS: 6
2026-02-10 13:56:35,412 - QUERY: Search for 'Coffee COT report non-commercial net length'. Determine if market is overbought. | FACTS: 4
2026-02-10 13:57:00,083 - QUERY: Search for 'ICE Arabica Certified Stocks level current' and 'GCA Green Coffee stocks report latest'. Look for 'Backwardation' in the forward curve. | FACTS: 6
2026-02-10 13:57:34,683 - QUERY: Search for 'Coffee Futures Implied Volatility Rank current' and 'KCU6 option volatility skew'. Determine if option premiums are cheap or expensive relative to historical volatility. | FACTS: 5
2026-02-10 13:58:09,548 - QUERY: Search for 'Coffee futures technical analysis KCU6' and 'KCU6 support resistance levels'. Look for 'RSI divergence' or 'Moving Average crossover'. IMPORTANT: You MUST find and explicitly state the current value of the '200-day Simple Moving Average (SMA)'. | FACTS: 6
2026-02-10 13:58:10,147 - QUERY: Search for 'Coffee futures technical analysis KCZ6' and 'KCZ6 support resistance levels'. Look for 'RSI divergence' or 'Moving Average crossover'. IMPORTANT: You MUST find and explicitly state the current value of the '200-day Simple Moving Average (SMA)'. | FACTS: 6
2026-02-10 13:58:50,777 - QUERY: Search for 'Coffee Futures Implied Volatility Rank current' and 'KCH7 option volatility skew'. Determine if option premiums are cheap or expensive relative to historical volatility. | FACTS: 5
2026-02-10 13:59:21,651 - QUERY: Search for 'Coffee futures technical analysis KCH7' and 'KCH7 support resistance levels'. Look for 'RSI divergence' or 'Moving Average crossover'. IMPORTANT: You MUST find and explicitly state the current value of the '200-day Simple Moving Average (SMA)'. | FACTS: 6
2026-02-10 14:07:46,687 - QUERY: Search for 'Coffee Futures Implied Volatility Rank current' and 'KCZ6 option volatility skew'. Determine if option premiums are cheap or expensive relative to historical volatility. | FACTS: 0
2026-02-10 17:05:29,043 - QUERY: Search for 'current 10-day weather forecast Minas Gerais coffee zone' and 'NOAA Brazil precipitation anomaly'. Analyze if recent rains are beneficial for flowering or excessive. | FACTS: 5
2026-02-10 17:05:31,958 - QUERY: Search for 'Red Sea shipping coffee delays', 'Brazil port of Santos wait times', and 'EUDR regulation delay latest news'. Determine if there are logistical bottlenecks. | FACTS: 5
2026-02-10 17:05:37,274 - QUERY: Search for 'USD BRL exchange rate forecast' and 'Brazil Central Bank Selic rate outlook'. Determine if the BRL is trending to encourage farmer selling. | FACTS: 4
2026-02-10 17:06:21,258 - QUERY: Search for 'Cecafé Brazil coffee export report latest', 'Global container freight index rates', and 'Green coffee shipping manifest trends'. Analyze flow volume vs port capacity. | FACTS: 5
2026-02-10 17:06:25,374 - QUERY: Search for 'Coffee COT report non-commercial net length'. Determine if market is overbought. | FACTS: 5
2026-02-10 17:06:31,667 - QUERY: Search for 'ICE Arabica Certified Stocks level current' and 'GCA Green Coffee stocks report latest'. Look for 'Backwardation' in the forward curve. | FACTS: 6
2026-02-10 17:07:15,412 - QUERY: Search for 'current 10-day weather forecast Minas Gerais coffee zone' and 'NOAA Brazil precipitation anomaly'. Analyze if recent rains are beneficial for flowering or excessive. | FACTS: 5
2026-02-10 17:07:16,090 - QUERY: Search for 'Coffee futures technical analysis KCK6' and 'KCK6 support resistance levels'. Look for 'RSI divergence' or 'Moving Average crossover'. IMPORTANT: You MUST find and explicitly state the current value of the '200-day Simple Moving Average (SMA)'. | FACTS: 6
2026-02-10 17:07:19,149 - QUERY: Search for 'Coffee Futures Implied Volatility Rank current' and 'KCK6 option volatility skew'. Determine if option premiums are cheap or expensive relative to historical volatility. | FACTS: 5
2026-02-10 17:08:02,340 - QUERY: Search for 'Cecafé Brazil coffee export report latest', 'Global container freight index rates', and 'Green coffee shipping manifest trends'. Analyze flow volume vs port capacity. | FACTS: 5
2026-02-10 17:08:04,709 - QUERY: Search for 'Red Sea shipping coffee delays', 'Brazil port of Santos wait times', and 'EUDR regulation delay latest news'. Determine if there are logistical bottlenecks. | FACTS: 6
2026-02-10 17:08:07,703 - QUERY: Search for 'USD BRL exchange rate forecast' and 'Brazil Central Bank Selic rate outlook'. Determine if the BRL is trending to encourage farmer selling. | FACTS: 5
2026-02-10 17:08:31,317 - QUERY: Search for 'Coffee COT report non-commercial net length'. Determine if market is overbought. | FACTS: 4
2026-02-10 17:09:29,711 - QUERY: Search for 'Coffee futures technical analysis KCN6' and 'KCN6 support resistance levels'. Look for 'RSI divergence' or 'Moving Average crossover'. IMPORTANT: You MUST find and explicitly state the current value of the '200-day Simple Moving Average (SMA)'. | FACTS: 7
2026-02-10 17:09:37,372 - QUERY: Search for 'Coffee Futures Implied Volatility Rank current' and 'KCN6 option volatility skew'. Determine if option premiums are cheap or expensive relative to historical volatility. | FACTS: 4
2026-02-10 17:10:16,468 - QUERY: Search for 'USD BRL exchange rate forecast' and 'Brazil Central Bank Selic rate outlook'. Determine if the BRL is trending to encourage farmer selling. | FACTS: 5
2026-02-10 17:10:23,048 - QUERY: Search for 'current 10-day weather forecast Minas Gerais coffee zone' and 'NOAA Brazil precipitation anomaly'. Analyze if recent rains are beneficial for flowering or excessive. | FACTS: 5
2026-02-10 17:10:58,211 - QUERY: Search for 'Red Sea shipping coffee delays', 'Brazil port of Santos wait times', and 'EUDR regulation delay latest news'. Determine if there are logistical bottlenecks. | FACTS: 5
2026-02-10 17:11:15,060 - QUERY: Search for 'Cecafé Brazil coffee export report latest', 'Global container freight index rates', and 'Green coffee shipping manifest trends'. Analyze flow volume vs port capacity. | FACTS: 5
2026-02-10 17:11:50,456 - QUERY: Search for 'Coffee COT report non-commercial net length'. Determine if market is overbought. | FACTS: 5
2026-02-10 17:12:00,814 - QUERY: Search for 'ICE Arabica Certified Stocks level current' and 'GCA Green Coffee stocks report latest'. Look for 'Backwardation' in the forward curve. | FACTS: 4
2026-02-10 17:12:35,445 - QUERY: Search for 'Coffee futures technical analysis KCU6' and 'KCU6 support resistance levels'. Look for 'RSI divergence' or 'Moving Average crossover'. IMPORTANT: You MUST find and explicitly state the current value of the '200-day Simple Moving Average (SMA)'. | FACTS: 5
2026-02-10 17:12:46,511 - QUERY: Search for 'ICE Arabica Certified Stocks level current' and 'GCA Green Coffee stocks report latest'. Look for 'Backwardation' in the forward curve. | FACTS: 0
2026-02-10 17:13:14,662 - QUERY: Search for 'Coffee Futures Implied Volatility Rank current' and 'KCU6 option volatility skew'. Determine if option premiums are cheap or expensive relative to historical volatility. | FACTS: 5
2026-02-10 17:13:43,522 - QUERY: Search for 'Coffee futures technical analysis KCZ6' and 'KCZ6 support resistance levels'. Look for 'RSI divergence' or 'Moving Average crossover'. IMPORTANT: You MUST find and explicitly state the current value of the '200-day Simple Moving Average (SMA)'. | FACTS: 6
2026-02-10 17:14:31,260 - QUERY: Search for 'Coffee Futures Implied Volatility Rank current' and 'KCZ6 option volatility skew'. Determine if option premiums are cheap or expensive relative to historical volatility. | FACTS: 5
2026-02-10 17:15:00,410 - QUERY: Search for 'Coffee Futures Implied Volatility Rank current' and 'KCH7 option volatility skew'. Determine if option premiums are cheap or expensive relative to historical volatility. | FACTS: 5
2026-02-10 17:15:14,684 - QUERY: Search for 'Coffee futures technical analysis KCH7' and 'KCH7 support resistance levels'. Look for 'RSI divergence' or 'Moving Average crossover'. IMPORTANT: You MUST find and explicitly state the current value of the '200-day Simple Moving Average (SMA)'. | FACTS: 5
2026-02-11 14:00:47,172 - QUERY: Search for 'current 10-day weather forecast Minas Gerais coffee zone' and 'NOAA Brazil precipitation anomaly'. Analyze if recent rains are beneficial for flowering or excessive. | FACTS: 4
2026-02-11 14:00:52,614 - QUERY: Search for 'USD BRL exchange rate forecast' and 'Brazil Central Bank Selic rate outlook'. Determine if the BRL is trending to encourage farmer selling. | FACTS: 5
2026-02-11 14:01:09,853 - QUERY: Search for 'Red Sea shipping coffee delays', 'Brazil port of Santos wait times', and 'EUDR regulation delay latest news'. Determine if there are logistical bottlenecks. | FACTS: 6
2026-02-11 14:01:38,234 - QUERY: Search for 'Coffee COT report non-commercial net length'. Determine if market is overbought. | FACTS: 4
2026-02-11 14:01:40,651 - QUERY: Search for 'ICE coffee certified stocks level news 2026' and 'ICO monthly coffee market report global supply'. Look for recent specific numbers in bags (e.g., 'ICE stocks rose to X bags'). Search for 'coffee forward curve structure' to detect 'Backwardation' or 'Contango'. | FACTS: 6
2026-02-11 14:01:42,920 - QUERY: Search for 'Cecafé Brazil coffee export report latest', 'Global container freight index rates', and 'Green coffee shipping manifest trends'. Analyze flow volume vs port capacity. | FACTS: 6
2026-02-11 14:02:35,624 - QUERY: Search for 'Coffee futures technical analysis KCK6' and 'KCK6 support resistance levels'. Look for 'RSI divergence' or 'Moving Average crossover'. IMPORTANT: You MUST find and explicitly state the current value of the '200-day Simple Moving Average (SMA)'. | FACTS: 6
2026-02-11 14:02:46,336 - QUERY: Search for 'Coffee Futures Implied Volatility Rank current' and 'KCK6 option volatility skew'. Determine if option premiums are cheap or expensive relative to historical volatility. | FACTS: 4
2026-02-11 14:03:00,213 - QUERY: Search for 'current 10-day weather forecast Minas Gerais coffee zone' and 'NOAA Brazil precipitation anomaly'. Analyze if recent rains are beneficial for flowering or excessive. | FACTS: 5
2026-02-11 14:03:20,500 - QUERY: Search for 'USD BRL exchange rate forecast' and 'Brazil Central Bank Selic rate outlook'. Determine if the BRL is trending to encourage farmer selling. | FACTS: 5
2026-02-11 14:03:35,193 - QUERY: Search for 'Cecafé Brazil coffee export report latest', 'Global container freight index rates', and 'Green coffee shipping manifest trends'. Analyze flow volume vs port capacity. | FACTS: 6
2026-02-11 14:03:40,684 - QUERY: Search for 'Red Sea shipping coffee delays', 'Brazil port of Santos wait times', and 'EUDR regulation delay latest news'. Determine if there are logistical bottlenecks. | FACTS: 5
2026-02-11 14:03:59,170 - QUERY: Search for 'Coffee COT report non-commercial net length'. Determine if market is overbought. | FACTS: 4
2026-02-11 14:04:20,877 - QUERY: Search for 'ICE coffee certified stocks level news 2026' and 'ICO monthly coffee market report global supply'. Look for recent specific numbers in bags (e.g., 'ICE stocks rose to X bags'). Search for 'coffee forward curve structure' to detect 'Backwardation' or 'Contango'. | FACTS: 6
2026-02-11 14:04:57,160 - QUERY: Search for 'Coffee Futures Implied Volatility Rank current' and 'KCN6 option volatility skew'. Determine if option premiums are cheap or expensive relative to historical volatility. | FACTS: 5
2026-02-11 14:05:08,064 - QUERY: Search for 'Coffee futures technical analysis KCN6' and 'KCN6 support resistance levels'. Look for 'RSI divergence' or 'Moving Average crossover'. IMPORTANT: You MUST find and explicitly state the current value of the '200-day Simple Moving Average (SMA)'. | FACTS: 5
2026-02-11 14:05:08,416 - QUERY: Search for 'current 10-day weather forecast Minas Gerais coffee zone' and 'NOAA Brazil precipitation anomaly'. Analyze if recent rains are beneficial for flowering or excessive. | FACTS: 5
2026-02-11 14:05:48,897 - QUERY: Search for 'Red Sea shipping coffee delays', 'Brazil port of Santos wait times', and 'EUDR regulation delay latest news'. Determine if there are logistical bottlenecks. | FACTS: 5
2026-02-11 14:05:49,635 - QUERY: Search for 'Cecafé Brazil coffee export report latest', 'Global container freight index rates', and 'Green coffee shipping manifest trends'. Analyze flow volume vs port capacity. | FACTS: 7
2026-02-11 14:05:58,048 - QUERY: Search for 'USD BRL exchange rate forecast' and 'Brazil Central Bank Selic rate outlook'. Determine if the BRL is trending to encourage farmer selling. | FACTS: 4
2026-02-11 14:06:14,105 - QUERY: Search for 'Coffee COT report non-commercial net length'. Determine if market is overbought. | FACTS: 5
2026-02-11 14:06:44,847 - QUERY: Search for 'ICE coffee certified stocks level news 2026' and 'ICO monthly coffee market report global supply'. Look for recent specific numbers in bags (e.g., 'ICE stocks rose to X bags'). Search for 'coffee forward curve structure' to detect 'Backwardation' or 'Contango'. | FACTS: 6
2026-02-11 14:07:23,801 - QUERY: Search for 'Coffee Futures Implied Volatility Rank current' and 'KCU6 option volatility skew'. Determine if option premiums are cheap or expensive relative to historical volatility. | FACTS: 5
2026-02-11 14:07:40,342 - QUERY: Search for 'Coffee futures technical analysis KCU6' and 'KCU6 support resistance levels'. Look for 'RSI divergence' or 'Moving Average crossover'. IMPORTANT: You MUST find and explicitly state the current value of the '200-day Simple Moving Average (SMA)'. | FACTS: 7
2026-02-11 14:07:42,829 - QUERY: Search for 'Coffee futures technical analysis KCZ6' and 'KCZ6 support resistance levels'. Look for 'RSI divergence' or 'Moving Average crossover'. IMPORTANT: You MUST find and explicitly state the current value of the '200-day Simple Moving Average (SMA)'. | FACTS: 6
2026-02-11 14:08:32,663 - QUERY: Search for 'Coffee Futures Implied Volatility Rank current' and 'KCZ6 option volatility skew'. Determine if option premiums are cheap or expensive relative to historical volatility. | FACTS: 5
2026-02-11 14:08:42,843 - QUERY: Search for 'Coffee futures technical analysis KCH7' and 'KCH7 support resistance levels'. Look for 'RSI divergence' or 'Moving Average crossover'. IMPORTANT: You MUST find and explicitly state the current value of the '200-day Simple Moving Average (SMA)'. | FACTS: 7
2026-02-11 14:09:00,457 - QUERY: Search for 'Coffee Futures Implied Volatility Rank current' and 'KCH7 option volatility skew'. Determine if option premiums are cheap or expensive relative to historical volatility. | FACTS: 5
