
  You can now view your Streamlit app in your browser.

  Local URL: http://localhost:8501
  Network URL: http://178.128.188.143:8501
  External URL: http://178.128.188.143:8501

*** TRADING MODE OFF — No real orders will be placed ***
*** TRADING MODE OFF — No real orders will be placed ***
*** TRADING MODE OFF — No real orders will be placed ***
*** TRADING MODE OFF — No real orders will be placed ***
*** TRADING MODE OFF — No real orders will be placed ***
*** TRADING MODE OFF — No real orders will be placed ***
*** TRADING MODE OFF — No real orders will be placed ***
*** TRADING MODE OFF — No real orders will be placed ***
*** TRADING MODE OFF — No real orders will be placed ***
*** TRADING MODE OFF — No real orders will be placed ***
*** TRADING MODE OFF — No real orders will be placed ***
*** TRADING MODE OFF — No real orders will be placed ***
*** TRADING MODE OFF — No real orders will be placed ***
*** TRADING MODE OFF — No real orders will be placed ***
*** TRADING MODE OFF — No real orders will be placed ***
*** TRADING MODE OFF — No real orders will be placed ***
*** TRADING MODE OFF — No real orders will be placed ***
*** TRADING MODE OFF — No real orders will be placed ***
*** TRADING MODE OFF — No real orders will be placed ***
*** TRADING MODE OFF — No real orders will be placed ***
*** TRADING MODE OFF — No real orders will be placed ***
*** TRADING MODE OFF — No real orders will be placed ***
*** TRADING MODE OFF — No real orders will be placed ***
*** TRADING MODE OFF — No real orders will be placed ***
*** TRADING MODE OFF — No real orders will be placed ***
*** TRADING MODE OFF — No real orders will be placed ***
*** TRADING MODE OFF — No real orders will be placed ***
*** TRADING MODE OFF — No real orders will be placed ***
*** TRADING MODE OFF — No real orders will be placed ***
