2026-03-14 06:05:51,059 - Engine.NG - INFO - =============================================
2026-03-14 06:05:51,059 - Engine.NG - INFO - === Starting CommodityEngine [NG] ===
2026-03-14 06:05:51,059 - Engine.NG - INFO - =============================================
2026-03-14 06:05:51,059 - Engine.NG - INFO - Data directory: /home/console/real_options/data/NG
2026-03-14 06:05:51,059 - trading_bot.state_manager - INFO - StateManager data_dir set to: /home/console/real_options/data/NG
2026-03-14 06:05:51,060 - trading_bot.task_tracker - INFO - TaskTracker data_dir set to: /home/console/real_options/data/NG
2026-03-14 06:05:51,060 - trading_bot.decision_signals - INFO - DecisionSignals data_dir set to: /home/console/real_options/data/NG
2026-03-14 06:05:51,060 - OrderManager - INFO - OrderManager capital state dir set to: /home/console/real_options/data/NG
2026-03-14 06:05:51,062 - trading_bot.sentinel_stats - INFO - SentinelStats data_dir set to: /home/console/real_options/data/NG
2026-03-14 06:05:51,063 - trading_bot.utils - INFO - Utils data_dir set to: /home/console/real_options/data/NG
2026-03-14 06:05:51,063 - trading_bot.tms - INFO - TMS default path set to: /home/console/real_options/data/NG/tms
2026-03-14 06:05:51,063 - trading_bot.brier_bridge - INFO - BrierBridge data_dir set to: /home/console/real_options/data/NG
2026-03-14 06:05:51,063 - trading_bot.brier_scoring - INFO - BrierScoring data_dir set to: /home/console/real_options/data/NG
2026-03-14 06:05:51,063 - trading_bot.weighted_voting - INFO - WeightedVoting data_dir set to: /home/console/real_options/data/NG
2026-03-14 06:05:51,063 - trading_bot.router_metrics - INFO - RouterMetrics data_dir set to: /home/console/real_options/data/NG
2026-03-14 06:05:51,064 - trading_bot.agents - INFO - Agents provenance log set to: /home/console/real_options/data/NG/research_provenance.log
2026-03-14 06:05:51,064 - trading_bot.prompt_trace - INFO - PromptTrace data_dir set to: /home/console/real_options/data/NG
2026-03-14 06:05:51,064 - trading_bot.execution_funnel - INFO - ExecutionFunnel data_dir set to: /home/console/real_options/data/NG
2026-03-14 06:05:51,064 - trading_bot.data_dir_context - INFO - Engine data_dir set to: /home/console/real_options/data/NG
2026-03-14 06:05:51,065 - trading_bot.data_dir_context - INFO - Legacy data directories configured for: /home/console/real_options/data/NG
2026-03-14 06:05:51,069 - trading_bot.data_dir_context - INFO - EngineRuntime set for [NG]
2026-03-14 06:05:51,069 - Engine.NG - WARNING - ============================================================
2026-03-14 06:05:51,069 - Engine.NG - WARNING -   TRADING MODE: OFF — Training/Observation Only
2026-03-14 06:05:51,069 - Engine.NG - WARNING -   No real orders will be placed via IB
2026-03-14 06:05:51,069 - Engine.NG - WARNING - ============================================================
2026-03-14 06:05:51,415 - notifications - INFO - Pushover chunk sent successfully (Attachment: False).
2026-03-14 06:05:51,419 - Engine.NG - INFO - Budget Guard initialized. Daily limit: $15.0
2026-03-14 06:05:51,420 - Engine.NG - INFO - Drawdown Guard initialized.
2026-03-14 06:05:51,421 - Engine.NG - INFO - Expiry filter window: 14-180 DTE
2026-03-14 06:05:51,421 - Engine.NG - INFO - Market Closed. Deferred triggers will remain queued.
2026-03-14 06:05:51,422 - Orchestrator - INFO - Built session schedule: 17 tasks for NG (09:00-14:30 ET)
2026-03-14 06:05:51,422 - Engine.NG - INFO - Environment: PROD. Using standard master schedule.
2026-03-14 06:05:51,427 - Engine.NG - INFO - Running TopicDiscoveryAgent on startup...
2026-03-14 06:05:51,518 - trading_bot.topic_discovery - INFO - Topic Discovery skipped — 12 topics still fresh (file < 12h old). Use force_scan=True to override.
2026-03-14 06:05:51,519 - Engine.NG - INFO - Startup TopicDiscovery: 12 topics, Topics still fresh
2026-03-14 06:05:51,519 - Engine.NG - INFO - Staggering sentinel startup by 15s (engine #1)
2026-03-14 06:06:06,527 - Orchestrator - INFO - Weekend detected (Saturday). Next trading day: Monday 2026-03-16
2026-03-14 06:06:06,527 - Engine.NG - INFO - Next task 'start_monitoring' (Start Position Monitoring) scheduled for 2026-03-16 12:15:00 UTC. Waiting for 54.15 hours.
2026-03-14 06:06:06,528 - Orchestrator - INFO - --- Starting Sentinel Array ---
2026-03-14 06:06:07,244 - trading_bot.self_healing - INFO - Self-Healing Monitor started
2026-03-14 06:10:11,355 - Orchestrator - INFO - Sentinel loop heartbeat: iteration=5, market_state=SLEEPING, market_open=False, trading_day=False
2026-03-14 06:15:11,438 - Orchestrator - INFO - Sentinel loop heartbeat: iteration=10, market_state=SLEEPING, market_open=False, trading_day=False
2026-03-14 06:20:11,503 - Orchestrator - INFO - Sentinel loop heartbeat: iteration=15, market_state=SLEEPING, market_open=False, trading_day=False
2026-03-14 06:25:11,561 - Orchestrator - INFO - Sentinel loop heartbeat: iteration=20, market_state=SLEEPING, market_open=False, trading_day=False
2026-03-14 06:30:11,622 - Orchestrator - INFO - Sentinel loop heartbeat: iteration=25, market_state=SLEEPING, market_open=False, trading_day=False
2026-03-14 06:35:11,676 - Orchestrator - INFO - Sentinel loop heartbeat: iteration=30, market_state=SLEEPING, market_open=False, trading_day=False
2026-03-14 06:40:11,738 - Orchestrator - INFO - Sentinel loop heartbeat: iteration=35, market_state=SLEEPING, market_open=False, trading_day=False
2026-03-14 06:45:11,809 - Orchestrator - INFO - Sentinel loop heartbeat: iteration=40, market_state=SLEEPING, market_open=False, trading_day=False
2026-03-14 06:50:11,876 - Orchestrator - INFO - Sentinel loop heartbeat: iteration=45, market_state=SLEEPING, market_open=False, trading_day=False
2026-03-14 06:55:11,947 - Orchestrator - INFO - Sentinel loop heartbeat: iteration=50, market_state=SLEEPING, market_open=False, trading_day=False
2026-03-14 07:00:12,001 - Orchestrator - INFO - Sentinel loop heartbeat: iteration=55, market_state=SLEEPING, market_open=False, trading_day=False
2026-03-14 07:05:12,262 - Orchestrator - INFO - Sentinel loop heartbeat: iteration=60, market_state=SLEEPING, market_open=False, trading_day=False
2026-03-14 07:10:12,331 - Orchestrator - INFO - Sentinel loop heartbeat: iteration=65, market_state=SLEEPING, market_open=False, trading_day=False
2026-03-14 07:15:12,404 - Orchestrator - INFO - Sentinel loop heartbeat: iteration=70, market_state=SLEEPING, market_open=False, trading_day=False
2026-03-14 07:20:12,460 - Orchestrator - INFO - Sentinel loop heartbeat: iteration=75, market_state=SLEEPING, market_open=False, trading_day=False
2026-03-14 07:25:12,524 - Orchestrator - INFO - Sentinel loop heartbeat: iteration=80, market_state=SLEEPING, market_open=False, trading_day=False
2026-03-14 07:30:12,599 - Orchestrator - INFO - Sentinel loop heartbeat: iteration=85, market_state=SLEEPING, market_open=False, trading_day=False
2026-03-14 07:35:12,650 - Orchestrator - INFO - Sentinel loop heartbeat: iteration=90, market_state=SLEEPING, market_open=False, trading_day=False
2026-03-14 07:40:12,695 - Orchestrator - INFO - Sentinel loop heartbeat: iteration=95, market_state=SLEEPING, market_open=False, trading_day=False
2026-03-14 07:45:12,762 - Orchestrator - INFO - Sentinel loop heartbeat: iteration=100, market_state=SLEEPING, market_open=False, trading_day=False
2026-03-14 07:50:12,826 - Orchestrator - INFO - Sentinel loop heartbeat: iteration=105, market_state=SLEEPING, market_open=False, trading_day=False
2026-03-14 07:55:12,897 - Orchestrator - INFO - Sentinel loop heartbeat: iteration=110, market_state=SLEEPING, market_open=False, trading_day=False
2026-03-14 08:00:12,964 - Orchestrator - INFO - Sentinel loop heartbeat: iteration=115, market_state=SLEEPING, market_open=False, trading_day=False
2026-03-14 08:05:13,049 - Orchestrator - INFO - Sentinel loop heartbeat: iteration=120, market_state=SLEEPING, market_open=False, trading_day=False
2026-03-14 08:10:15,536 - Orchestrator - INFO - Sentinel loop heartbeat: iteration=125, market_state=SLEEPING, market_open=False, trading_day=False
2026-03-14 08:15:15,603 - Orchestrator - INFO - Sentinel loop heartbeat: iteration=130, market_state=SLEEPING, market_open=False, trading_day=False
2026-03-14 08:20:15,689 - Orchestrator - INFO - Sentinel loop heartbeat: iteration=135, market_state=SLEEPING, market_open=False, trading_day=False
2026-03-14 08:25:15,770 - Orchestrator - INFO - Sentinel loop heartbeat: iteration=140, market_state=SLEEPING, market_open=False, trading_day=False
2026-03-14 08:30:15,834 - Orchestrator - INFO - Sentinel loop heartbeat: iteration=145, market_state=SLEEPING, market_open=False, trading_day=False
2026-03-14 08:35:15,918 - Orchestrator - INFO - Sentinel loop heartbeat: iteration=150, market_state=SLEEPING, market_open=False, trading_day=False
2026-03-14 08:40:15,996 - Orchestrator - INFO - Sentinel loop heartbeat: iteration=155, market_state=SLEEPING, market_open=False, trading_day=False
2026-03-14 08:45:16,099 - Orchestrator - INFO - Sentinel loop heartbeat: iteration=160, market_state=SLEEPING, market_open=False, trading_day=False
2026-03-14 08:50:16,172 - Orchestrator - INFO - Sentinel loop heartbeat: iteration=165, market_state=SLEEPING, market_open=False, trading_day=False
2026-03-14 08:55:16,253 - Orchestrator - INFO - Sentinel loop heartbeat: iteration=170, market_state=SLEEPING, market_open=False, trading_day=False
2026-03-14 09:00:16,330 - Orchestrator - INFO - Sentinel loop heartbeat: iteration=175, market_state=SLEEPING, market_open=False, trading_day=False
2026-03-14 09:05:16,428 - Orchestrator - INFO - Sentinel loop heartbeat: iteration=180, market_state=SLEEPING, market_open=False, trading_day=False
2026-03-14 09:10:16,507 - Orchestrator - INFO - Sentinel loop heartbeat: iteration=185, market_state=SLEEPING, market_open=False, trading_day=False
2026-03-14 09:15:16,578 - Orchestrator - INFO - Sentinel loop heartbeat: iteration=190, market_state=SLEEPING, market_open=False, trading_day=False
2026-03-14 09:20:16,659 - Orchestrator - INFO - Sentinel loop heartbeat: iteration=195, market_state=SLEEPING, market_open=False, trading_day=False
2026-03-14 09:25:16,750 - Orchestrator - INFO - Sentinel loop heartbeat: iteration=200, market_state=SLEEPING, market_open=False, trading_day=False
2026-03-14 09:30:16,834 - Orchestrator - INFO - Sentinel loop heartbeat: iteration=205, market_state=SLEEPING, market_open=False, trading_day=False
2026-03-14 09:35:16,916 - Orchestrator - INFO - Sentinel loop heartbeat: iteration=210, market_state=SLEEPING, market_open=False, trading_day=False
2026-03-14 09:40:17,000 - Orchestrator - INFO - Sentinel loop heartbeat: iteration=215, market_state=SLEEPING, market_open=False, trading_day=False
2026-03-14 09:45:17,063 - Orchestrator - INFO - Sentinel loop heartbeat: iteration=220, market_state=SLEEPING, market_open=False, trading_day=False
2026-03-14 09:50:17,148 - Orchestrator - INFO - Sentinel loop heartbeat: iteration=225, market_state=SLEEPING, market_open=False, trading_day=False
2026-03-14 09:55:17,230 - Orchestrator - INFO - Sentinel loop heartbeat: iteration=230, market_state=SLEEPING, market_open=False, trading_day=False
2026-03-14 10:00:18,201 - Orchestrator - INFO - Sentinel loop heartbeat: iteration=235, market_state=SLEEPING, market_open=False, trading_day=False
2026-03-14 10:05:18,427 - Orchestrator - INFO - Sentinel loop heartbeat: iteration=240, market_state=SLEEPING, market_open=False, trading_day=False
2026-03-14 10:10:21,935 - Orchestrator - INFO - Sentinel loop heartbeat: iteration=245, market_state=SLEEPING, market_open=False, trading_day=False
2026-03-14 10:15:22,015 - Orchestrator - INFO - Sentinel loop heartbeat: iteration=250, market_state=SLEEPING, market_open=False, trading_day=False
2026-03-14 10:20:22,095 - Orchestrator - INFO - Sentinel loop heartbeat: iteration=255, market_state=SLEEPING, market_open=False, trading_day=False
2026-03-14 10:25:22,158 - Orchestrator - INFO - Sentinel loop heartbeat: iteration=260, market_state=SLEEPING, market_open=False, trading_day=False
2026-03-14 10:30:22,230 - Orchestrator - INFO - Sentinel loop heartbeat: iteration=265, market_state=SLEEPING, market_open=False, trading_day=False
2026-03-14 10:35:22,316 - Orchestrator - INFO - Sentinel loop heartbeat: iteration=270, market_state=SLEEPING, market_open=False, trading_day=False
2026-03-14 10:40:22,387 - Orchestrator - INFO - Sentinel loop heartbeat: iteration=275, market_state=SLEEPING, market_open=False, trading_day=False
2026-03-14 10:45:22,472 - Orchestrator - INFO - Sentinel loop heartbeat: iteration=280, market_state=SLEEPING, market_open=False, trading_day=False
2026-03-14 10:50:22,529 - Orchestrator - INFO - Sentinel loop heartbeat: iteration=285, market_state=SLEEPING, market_open=False, trading_day=False
2026-03-14 10:55:22,596 - Orchestrator - INFO - Sentinel loop heartbeat: iteration=290, market_state=SLEEPING, market_open=False, trading_day=False
2026-03-14 11:00:22,675 - Orchestrator - INFO - Sentinel loop heartbeat: iteration=295, market_state=SLEEPING, market_open=False, trading_day=False
2026-03-14 11:05:22,749 - Orchestrator - INFO - Sentinel loop heartbeat: iteration=300, market_state=SLEEPING, market_open=False, trading_day=False
2026-03-14 11:10:22,825 - Orchestrator - INFO - Sentinel loop heartbeat: iteration=305, market_state=SLEEPING, market_open=False, trading_day=False
2026-03-14 11:15:22,892 - Orchestrator - INFO - Sentinel loop heartbeat: iteration=310, market_state=SLEEPING, market_open=False, trading_day=False
2026-03-14 11:20:22,946 - Orchestrator - INFO - Sentinel loop heartbeat: iteration=315, market_state=SLEEPING, market_open=False, trading_day=False
2026-03-14 11:25:23,000 - Orchestrator - INFO - Sentinel loop heartbeat: iteration=320, market_state=SLEEPING, market_open=False, trading_day=False
2026-03-14 11:30:23,061 - Orchestrator - INFO - Sentinel loop heartbeat: iteration=325, market_state=SLEEPING, market_open=False, trading_day=False
2026-03-14 11:35:23,106 - Orchestrator - INFO - Sentinel loop heartbeat: iteration=330, market_state=SLEEPING, market_open=False, trading_day=False
2026-03-14 11:40:23,158 - Orchestrator - INFO - Sentinel loop heartbeat: iteration=335, market_state=SLEEPING, market_open=False, trading_day=False
2026-03-14 11:45:23,223 - Orchestrator - INFO - Sentinel loop heartbeat: iteration=340, market_state=SLEEPING, market_open=False, trading_day=False
2026-03-14 11:50:23,277 - Orchestrator - INFO - Sentinel loop heartbeat: iteration=345, market_state=SLEEPING, market_open=False, trading_day=False
2026-03-14 11:55:23,354 - Orchestrator - INFO - Sentinel loop heartbeat: iteration=350, market_state=SLEEPING, market_open=False, trading_day=False
2026-03-14 12:00:23,448 - Orchestrator - INFO - Sentinel loop heartbeat: iteration=355, market_state=SLEEPING, market_open=False, trading_day=False
2026-03-14 12:05:23,510 - Orchestrator - INFO - Sentinel loop heartbeat: iteration=360, market_state=SLEEPING, market_open=False, trading_day=False
2026-03-14 12:06:27,957 - Orchestrator - INFO - LogisticsSentinel: trigger detected (source=LogisticsSentinel, severity=5)
2026-03-14 12:06:27,963 - trading_bot.state_manager - INFO - Queued deferred trigger from LogisticsSentinel
2026-03-14 12:06:27,963 - Orchestrator - INFO - Deferred LogisticsSentinel trigger for market open
2026-03-14 12:10:33,885 - Orchestrator - INFO - Sentinel loop heartbeat: iteration=365, market_state=SLEEPING, market_open=False, trading_day=False
2026-03-14 12:15:33,989 - Orchestrator - INFO - Sentinel loop heartbeat: iteration=370, market_state=SLEEPING, market_open=False, trading_day=False
2026-03-14 12:20:34,075 - Orchestrator - INFO - Sentinel loop heartbeat: iteration=375, market_state=SLEEPING, market_open=False, trading_day=False
2026-03-14 12:25:34,149 - Orchestrator - INFO - Sentinel loop heartbeat: iteration=380, market_state=SLEEPING, market_open=False, trading_day=False
2026-03-14 12:30:34,279 - Orchestrator - INFO - Sentinel loop heartbeat: iteration=385, market_state=SLEEPING, market_open=False, trading_day=False
2026-03-14 12:35:34,381 - Orchestrator - INFO - Sentinel loop heartbeat: iteration=390, market_state=SLEEPING, market_open=False, trading_day=False
2026-03-14 12:40:34,478 - Orchestrator - INFO - Sentinel loop heartbeat: iteration=395, market_state=SLEEPING, market_open=False, trading_day=False
2026-03-14 12:45:34,563 - Orchestrator - INFO - Sentinel loop heartbeat: iteration=400, market_state=SLEEPING, market_open=False, trading_day=False
2026-03-14 12:50:34,700 - Orchestrator - INFO - Sentinel loop heartbeat: iteration=405, market_state=SLEEPING, market_open=False, trading_day=False
2026-03-14 12:55:34,810 - Orchestrator - INFO - Sentinel loop heartbeat: iteration=410, market_state=SLEEPING, market_open=False, trading_day=False
2026-03-14 13:00:51,930 - Orchestrator - INFO - Sentinel loop heartbeat: iteration=415, market_state=SLEEPING, market_open=False, trading_day=False
2026-03-14 13:05:52,094 - Orchestrator - INFO - Sentinel loop heartbeat: iteration=420, market_state=SLEEPING, market_open=False, trading_day=False
2026-03-14 13:10:52,229 - Orchestrator - INFO - Sentinel loop heartbeat: iteration=425, market_state=SLEEPING, market_open=False, trading_day=False
2026-03-14 13:15:52,355 - Orchestrator - INFO - Sentinel loop heartbeat: iteration=430, market_state=SLEEPING, market_open=False, trading_day=False
2026-03-14 13:20:52,506 - Orchestrator - INFO - Sentinel loop heartbeat: iteration=435, market_state=SLEEPING, market_open=False, trading_day=False
2026-03-14 13:25:52,666 - Orchestrator - INFO - Sentinel loop heartbeat: iteration=440, market_state=SLEEPING, market_open=False, trading_day=False
2026-03-14 13:30:52,826 - Orchestrator - INFO - Sentinel loop heartbeat: iteration=445, market_state=SLEEPING, market_open=False, trading_day=False
2026-03-14 13:35:52,931 - Orchestrator - INFO - Sentinel loop heartbeat: iteration=450, market_state=SLEEPING, market_open=False, trading_day=False
2026-03-14 13:40:53,027 - Orchestrator - INFO - Sentinel loop heartbeat: iteration=455, market_state=SLEEPING, market_open=False, trading_day=False
2026-03-14 13:45:53,132 - Orchestrator - INFO - Sentinel loop heartbeat: iteration=460, market_state=SLEEPING, market_open=False, trading_day=False
2026-03-14 13:50:53,243 - Orchestrator - INFO - Sentinel loop heartbeat: iteration=465, market_state=SLEEPING, market_open=False, trading_day=False
2026-03-14 13:55:53,307 - Orchestrator - INFO - Sentinel loop heartbeat: iteration=470, market_state=SLEEPING, market_open=False, trading_day=False
2026-03-14 14:00:53,378 - Orchestrator - INFO - Sentinel loop heartbeat: iteration=475, market_state=SLEEPING, market_open=False, trading_day=False
2026-03-14 14:05:53,481 - Orchestrator - INFO - Sentinel loop heartbeat: iteration=480, market_state=SLEEPING, market_open=False, trading_day=False
2026-03-14 14:10:57,069 - Orchestrator - INFO - Sentinel loop heartbeat: iteration=485, market_state=SLEEPING, market_open=False, trading_day=False
2026-03-14 14:15:57,175 - Orchestrator - INFO - Sentinel loop heartbeat: iteration=490, market_state=SLEEPING, market_open=False, trading_day=False
2026-03-14 14:20:57,246 - Orchestrator - INFO - Sentinel loop heartbeat: iteration=495, market_state=SLEEPING, market_open=False, trading_day=False
2026-03-14 14:25:57,376 - Orchestrator - INFO - Sentinel loop heartbeat: iteration=500, market_state=SLEEPING, market_open=False, trading_day=False
2026-03-14 14:30:57,476 - Orchestrator - INFO - Sentinel loop heartbeat: iteration=505, market_state=SLEEPING, market_open=False, trading_day=False
2026-03-14 14:35:57,577 - Orchestrator - INFO - Sentinel loop heartbeat: iteration=510, market_state=SLEEPING, market_open=False, trading_day=False
2026-03-14 14:40:57,667 - Orchestrator - INFO - Sentinel loop heartbeat: iteration=515, market_state=SLEEPING, market_open=False, trading_day=False
2026-03-14 14:45:57,775 - Orchestrator - INFO - Sentinel loop heartbeat: iteration=520, market_state=SLEEPING, market_open=False, trading_day=False
2026-03-14 14:50:57,884 - Orchestrator - INFO - Sentinel loop heartbeat: iteration=525, market_state=SLEEPING, market_open=False, trading_day=False
2026-03-14 14:55:57,962 - Orchestrator - INFO - Sentinel loop heartbeat: iteration=530, market_state=SLEEPING, market_open=False, trading_day=False
2026-03-14 15:00:58,072 - Orchestrator - INFO - Sentinel loop heartbeat: iteration=535, market_state=SLEEPING, market_open=False, trading_day=False
2026-03-14 15:05:58,178 - Orchestrator - INFO - Sentinel loop heartbeat: iteration=540, market_state=SLEEPING, market_open=False, trading_day=False
2026-03-14 15:10:58,286 - Orchestrator - INFO - Sentinel loop heartbeat: iteration=545, market_state=SLEEPING, market_open=False, trading_day=False
2026-03-14 15:15:58,386 - Orchestrator - INFO - Sentinel loop heartbeat: iteration=550, market_state=SLEEPING, market_open=False, trading_day=False
2026-03-14 15:20:58,504 - Orchestrator - INFO - Sentinel loop heartbeat: iteration=555, market_state=SLEEPING, market_open=False, trading_day=False
2026-03-14 15:25:58,592 - Orchestrator - INFO - Sentinel loop heartbeat: iteration=560, market_state=SLEEPING, market_open=False, trading_day=False
2026-03-14 15:30:58,698 - Orchestrator - INFO - Sentinel loop heartbeat: iteration=565, market_state=SLEEPING, market_open=False, trading_day=False
2026-03-14 15:35:58,795 - Orchestrator - INFO - Sentinel loop heartbeat: iteration=570, market_state=SLEEPING, market_open=False, trading_day=False
